<?xml version="1.0" encoding="utf-8"?><testsuites name="pytest tests"><testsuite name="pytest" errors="0" failures="0" skipped="0" tests="22" time="8.251" timestamp="2026-01-18T20:00:33.872291+00:00" hostname="agent-env-db00bc86-c1c9-4e11-8371-2d4d0675cc93"><testcase classname="tests.test_effitech_api.TestHealthAndBasics" name="test_health_endpoint" time="0.067" /><testcase classname="tests.test_effitech_api.TestHealthAndBasics" name="test_root_endpoint" time="0.042" /><testcase classname="tests.test_effitech_api.TestAuthentication" name="test_admin_login" time="0.264" /><testcase classname="tests.test_effitech_api.TestAuthentication" name="test_regular_user_login" time="0.258" /><testcase classname="tests.test_effitech_api.TestAuthentication" name="test_invalid_login" time="0.040" /><testcase classname="tests.test_effitech_api.TestAuthentication" name="test_get_current_user_admin" time="0.314" /><testcase classname="tests.test_effitech_api.TestAuthentication" name="test_get_current_user_regular" time="0.313" /><testcase classname="tests.test_effitech_api.TestUserManagementAdmin" name="test_list_users_as_admin" time="0.343" /><testcase classname="tests.test_effitech_api.TestUserManagementAdmin" name="test_list_users_as_regular_user_forbidden" time="0.318" /><testcase classname="tests.test_effitech_api.TestUserManagementAdmin" name="test_list_users_without_auth" time="0.035" /><testcase classname="tests.test_effitech_api.TestPanelManagementAdmin" name="test_create_panel_as_admin" time="0.309" /><testcase classname="tests.test_effitech_api.TestPanelManagementAdmin" name="test_create_panel_as_regular_user_forbidden" time="0.295" /><testcase classname="tests.test_effitech_api.TestPanelManagementAdmin" name="test_list_panels_as_admin" time="0.305" /><testcase classname="tests.test_effitech_api.TestPanelManagementAdmin" name="test_list_panels_as_regular_user" time="0.340" /><testcase classname="tests.test_effitech_api.TestPanelManagementAdmin" name="test_update_panel_as_admin" time="0.427" /><testcase classname="tests.test_effitech_api.TestPanelManagementAdmin" name="test_delete_panel_as_admin" time="0.386" /><testcase classname="tests.test_effitech_api.TestPanelAssignment" name="test_assign_panel_to_user" time="0.670" /><testcase classname="tests.test_effitech_api.TestPanelAssignment" name="test_unassign_panel_from_user" time="0.771" /><testcase classname="tests.test_effitech_api.TestPanelAssignment" name="test_assign_panel_to_nonexistent_user" time="0.988" /><testcase classname="tests.test_effitech_api.TestRoleManagement" name="test_admin_cannot_remove_own_admin_role" time="0.594" /><testcase classname="tests.test_effitech_api.TestRoleManagement" name="test_admin_cannot_delete_self" time="0.631" /><testcase classname="tests.test_effitech_api.TestCleanup" name="test_cleanup_test_panels" time="0.382" /></testsuite></testsuites>